<?xml version="1.0" encoding="UTF-8"?>
<!-- Generated by org.testng.reporters.JUnitXMLReporter -->
<testsuite hostname="LAPTOP-F1M00SRG" ignored="0" name="Test" tests="7" failures="1" timestamp="19 Jan 2019 04:11:58 GMT" time="33.511" errors="0">
  <testcase name="launchApplication" time="3.434" classname="testcases.ExecuteTest"/>
  <testcase name="testFail" time="0.002" classname="testcases.ExecuteTest">
    <failure type="java.lang.AssertionError" message="expected [false] but found [true]">
      <![CDATA[java.lang.AssertionError: expected [false] but found [true]
at testcases.ExecuteTest.testFail(ExecuteTest.java:208)
... Removed 28 stack frames]]>
    </failure>
  </testcase> <!-- testFail -->
  <testcase name="testSkip" time="0.001" classname="testcases.ExecuteTest">
    <skipped/>
  </testcase> <!-- testSkip -->
  <testcase name="login" time="6.583" classname="testcases.ExecuteTest"/>
  <testcase name="enterFlightDetails" time="3.126" classname="testcases.ExecuteTest"/>
  <testcase name="reserveAFlight" time="2.184" classname="testcases.ExecuteTest"/>
  <testcase name="enterPersonalDetails" time="2.588" classname="testcases.ExecuteTest"/>
</testsuite> <!-- Test -->
